<?xml version="1.0" encoding="UTF-8"?>
<testsuite xmlns:xsi="http://www.w3.org/2001/XMLSchema-instance" xsi:noNamespaceSchemaLocation="https://maven.apache.org/surefire/maven-surefire-plugin/xsd/surefire-test-report.xsd" name="com.runaddictmusic.substring.TestSearch" time="0.102" tests="8" errors="0" skipped="0" failures="3">
  <properties>
    <property name="java.specification.version" value="14"/>
    <property name="sun.jnu.encoding" value="UTF-8"/>
    <property name="java.class.path" value="/home/addict/Documents/prac/java/susbtring_search/target/test-classes:/home/addict/Documents/prac/java/susbtring_search/target/classes:/home/addict/.m2/repository/org/slf4j/slf4j-api/2.0.0-alpha1/slf4j-api-2.0.0-alpha1.jar:/home/addict/.m2/repository/org/junit/jupiter/junit-jupiter-api/5.7.0/junit-jupiter-api-5.7.0.jar:/home/addict/.m2/repository/org/apiguardian/apiguardian-api/1.1.0/apiguardian-api-1.1.0.jar:/home/addict/.m2/repository/org/opentest4j/opentest4j/1.2.0/opentest4j-1.2.0.jar:/home/addict/.m2/repository/org/junit/platform/junit-platform-commons/1.7.0/junit-platform-commons-1.7.0.jar:/home/addict/.m2/repository/org/junit/jupiter/junit-jupiter-engine/5.7.0/junit-jupiter-engine-5.7.0.jar:/home/addict/.m2/repository/org/junit/platform/junit-platform-engine/1.7.0/junit-platform-engine-1.7.0.jar:/home/addict/.m2/repository/ch/qos/logback/logback-classic/1.2.3/logback-classic-1.2.3.jar:/home/addict/.m2/repository/ch/qos/logback/logback-core/1.2.3/logback-core-1.2.3.jar:/home/addict/.m2/repository/org/slf4j/slf4j-simple/2.0.0-alpha1/slf4j-simple-2.0.0-alpha1.jar:src/main/resources/logback.xml:"/>
    <property name="java.vm.vendor" value="Oracle Corporation"/>
    <property name="sun.arch.data.model" value="64"/>
    <property name="java.vendor.url" value="https://openjdk.java.net/"/>
    <property name="os.name" value="Linux"/>
    <property name="java.vm.specification.version" value="14"/>
    <property name="sun.java.launcher" value="SUN_STANDARD"/>
    <property name="user.country" value="ZA"/>
    <property name="sun.boot.library.path" value="/usr/lib/jvm/java-14-openjdk/lib"/>
    <property name="sun.java.command" value="/home/addict/Documents/prac/java/susbtring_search/target/surefire/surefirebooter13927691633923782402.jar /home/addict/Documents/prac/java/susbtring_search/target/surefire 2021-01-23T10-10-33_472-jvmRun1 surefire10032043097855198549tmp surefire_08678371250597412165tmp"/>
    <property name="jdk.debug" value="release"/>
    <property name="surefire.test.class.path" value="/home/addict/Documents/prac/java/susbtring_search/target/test-classes:/home/addict/Documents/prac/java/susbtring_search/target/classes:/home/addict/.m2/repository/org/slf4j/slf4j-api/2.0.0-alpha1/slf4j-api-2.0.0-alpha1.jar:/home/addict/.m2/repository/org/junit/jupiter/junit-jupiter-api/5.7.0/junit-jupiter-api-5.7.0.jar:/home/addict/.m2/repository/org/apiguardian/apiguardian-api/1.1.0/apiguardian-api-1.1.0.jar:/home/addict/.m2/repository/org/opentest4j/opentest4j/1.2.0/opentest4j-1.2.0.jar:/home/addict/.m2/repository/org/junit/platform/junit-platform-commons/1.7.0/junit-platform-commons-1.7.0.jar:/home/addict/.m2/repository/org/junit/jupiter/junit-jupiter-engine/5.7.0/junit-jupiter-engine-5.7.0.jar:/home/addict/.m2/repository/org/junit/platform/junit-platform-engine/1.7.0/junit-platform-engine-1.7.0.jar:/home/addict/.m2/repository/ch/qos/logback/logback-classic/1.2.3/logback-classic-1.2.3.jar:/home/addict/.m2/repository/ch/qos/logback/logback-core/1.2.3/logback-core-1.2.3.jar:/home/addict/.m2/repository/org/slf4j/slf4j-simple/2.0.0-alpha1/slf4j-simple-2.0.0-alpha1.jar:src/main/resources/logback.xml:"/>
    <property name="sun.cpu.endian" value="little"/>
    <property name="user.home" value="/home/addict"/>
    <property name="user.language" value="en"/>
    <property name="java.specification.vendor" value="Oracle Corporation"/>
    <property name="java.version.date" value="2020-07-14"/>
    <property name="java.home" value="/usr/lib/jvm/java-14-openjdk"/>
    <property name="file.separator" value="/"/>
    <property name="basedir" value="/home/addict/Documents/prac/java/susbtring_search"/>
    <property name="java.vm.compressedOopsMode" value="32-bit"/>
    <property name="line.separator" value="&#10;"/>
    <property name="java.vm.specification.vendor" value="Oracle Corporation"/>
    <property name="java.specification.name" value="Java Platform API Specification"/>
    <property name="surefire.real.class.path" value="/home/addict/Documents/prac/java/susbtring_search/target/surefire/surefirebooter13927691633923782402.jar"/>
    <property name="sun.management.compiler" value="HotSpot 64-Bit Tiered Compilers"/>
    <property name="java.runtime.version" value="14.0.2+12"/>
    <property name="user.name" value="addict"/>
    <property name="path.separator" value=":"/>
    <property name="os.version" value="5.9.14-arch1-1"/>
    <property name="java.runtime.name" value="OpenJDK Runtime Environment"/>
    <property name="file.encoding" value="UTF-8"/>
    <property name="java.vm.name" value="OpenJDK 64-Bit Server VM"/>
    <property name="localRepository" value="/home/addict/.m2/repository"/>
    <property name="java.vendor.url.bug" value="https://bugreport.java.com/bugreport/"/>
    <property name="java.io.tmpdir" value="/tmp"/>
    <property name="java.version" value="14.0.2"/>
    <property name="user.dir" value="/home/addict/Documents/prac/java/susbtring_search"/>
    <property name="os.arch" value="amd64"/>
    <property name="java.vm.specification.name" value="Java Virtual Machine Specification"/>
    <property name="java.library.path" value="/usr/java/packages/lib:/usr/lib64:/lib64:/lib:/usr/lib"/>
    <property name="java.vm.info" value="mixed mode"/>
    <property name="java.vendor" value="N/A"/>
    <property name="java.vm.version" value="14.0.2+12"/>
    <property name="sun.io.unicode.encoding" value="UnicodeLittle"/>
    <property name="java.class.version" value="58.0"/>
  </properties>
  <testcase name="boyerCanMatchStringsWithSpacesInBetween" classname="com.runaddictmusic.substring.TestSearch" time="0.073">
    <failure message="expected: &lt;31&gt; but was: &lt;-1&gt;" type="org.opentest4j.AssertionFailedError"><![CDATA[org.opentest4j.AssertionFailedError: expected: <31> but was: <-1>
	at com.runaddictmusic.substring.TestSearch.boyerCanMatchStringsWithSpacesInBetween(TestSearch.java:61)
]]></failure>
  </testcase>
  <testcase name="bruteForceIgnoresLetterCasingWhenLastBooleanParameterSet" classname="com.runaddictmusic.substring.TestSearch" time="0.003"/>
  <testcase name="boyerReturnsNegative1IfPatternIsNotMatched" classname="com.runaddictmusic.substring.TestSearch" time="0.001"/>
  <testcase name="boyerIgnoresLetterCasingWhenLastBooleanParameterIsTrue" classname="com.runaddictmusic.substring.TestSearch" time="0.002">
    <failure message="expected: not equal but was: &lt;-1&gt;" type="org.opentest4j.AssertionFailedError"><![CDATA[org.opentest4j.AssertionFailedError: expected: not equal but was: <-1>
	at com.runaddictmusic.substring.TestSearch.boyerIgnoresLetterCasingWhenLastBooleanParameterIsTrue(TestSearch.java:69)
]]></failure>
  </testcase>
  <testcase name="boyerFindsCorrectIndex" classname="com.runaddictmusic.substring.TestSearch" time="0.002">
    <failure message="expected: &lt;6&gt; but was: &lt;-1&gt;" type="org.opentest4j.AssertionFailedError"><![CDATA[org.opentest4j.AssertionFailedError: expected: <6> but was: <-1>
	at com.runaddictmusic.substring.TestSearch.boyerFindsCorrectIndex(TestSearch.java:45)
]]></failure>
  </testcase>
  <testcase name="bruteForceFindsCorrectIndex" classname="com.runaddictmusic.substring.TestSearch" time="0.001"/>
  <testcase name="bruteForceCanMatchStringsWithSpacesInBetween" classname="com.runaddictmusic.substring.TestSearch" time="0.001"/>
  <testcase name="bruteForceReturnsNegative1IfNotFound" classname="com.runaddictmusic.substring.TestSearch" time="0"/>
</testsuite>